<?xml version="1.0" encoding="utf-8"?>
<coverage line-rate="0.9001" branch-rate="0.8187000000000001" version="1.9" timestamp="1763934165" lines-covered="1379" lines-valid="1532" branches-covered="244" branches-valid="298">
  <sources>
    <source>/Users/elhadjsylla/Documents/EFREI/S7/C#/BlazorGameQuest/</source>
  </sources>
  <packages>
    <package name="BlazorGame.GameService" line-rate="0.9079" branch-rate="0.8332999999999999" complexity="357">
      <classes>
        <class name="Program" filename="BlazorGame.GameService/Program.cs" line-rate="0" branch-rate="0" complexity="4">
          <methods>
            <method name="&lt;Main&gt;$" signature="(System.String[])" line-rate="0" branch-rate="1" complexity="1">
              <lines>
                <line number="1" hits="0" branch="False" />
                <line number="4" hits="0" branch="False" />
                <line number="7" hits="0" branch="False" />
                <line number="8" hits="0" branch="False" />
                <line number="9" hits="0" branch="False" />
                <line number="11" hits="0" branch="False" />
                <line number="14" hits="0" branch="False" />
                <line number="15" hits="0" branch="False" />
                <line number="16" hits="0" branch="False" />
                <line number="17" hits="0" branch="False" />
                <line number="18" hits="0" branch="False" />
                <line number="21" hits="0" branch="False" />
                <line number="23" hits="0" branch="False" />
              </lines>
            </method>
            <method name="&lt;&lt;Main&gt;$&gt;g__ConfigureServices|0_1" signature="(Microsoft.Extensions.DependencyInjection.IServiceCollection,Microsoft.Extensions.Configuration.IConfiguration)" line-rate="0" branch-rate="1" complexity="1">
              <lines>
                <line number="29" hits="0" branch="False" />
                <line number="31" hits="0" branch="False" />
                <line number="32" hits="0" branch="False" />
                <line number="33" hits="0" branch="False" />
                <line number="34" hits="0" branch="False" />
                <line number="35" hits="0" branch="False" />
                <line number="36" hits="0" branch="False" />
                <line number="37" hits="0" branch="False" />
                <line number="40" hits="0" branch="False" />
                <line number="41" hits="0" branch="False" />
                <line number="42" hits="0" branch="False" />
                <line number="43" hits="0" branch="False" />
                <line number="44" hits="0" branch="False" />
                <line number="45" hits="0" branch="False" />
                <line number="46" hits="0" branch="False" />
                <line number="49" hits="0" branch="False" />
                <line number="50" hits="0" branch="False" />
                <line number="51" hits="0" branch="False" />
                <line number="52" hits="0" branch="False" />
                <line number="53" hits="0" branch="False" />
                <line number="54" hits="0" branch="False" />
                <line number="55" hits="0" branch="False" />
                <line number="56" hits="0" branch="False" />
                <line number="57" hits="0" branch="False" />
                <line number="60" hits="0" branch="False" />
                <line number="61" hits="0" branch="False" />
                <line number="62" hits="0" branch="False" />
                <line number="63" hits="0" branch="False" />
                <line number="64" hits="0" branch="False" />
                <line number="65" hits="0" branch="False" />
                <line number="66" hits="0" branch="False" />
                <line number="67" hits="0" branch="False" />
                <line number="68" hits="0" branch="False" />
                <line number="69" hits="0" branch="False" />
              </lines>
            </method>
            <method name="&lt;&lt;Main&gt;$&gt;g__ConfigureMiddleware|0_2" signature="(Microsoft.AspNetCore.Builder.WebApplication)" line-rate="0" branch-rate="0" complexity="2">
              <lines>
                <line number="75" hits="0" branch="False" />
                <line number="76" hits="0" branch="True" condition-coverage="0% (0/2)">
                  <conditions>
                    <condition number="14" type="jump" coverage="0%" />
                  </conditions>
                </line>
                <line number="77" hits="0" branch="False" />
                <line number="78" hits="0" branch="False" />
                <line number="79" hits="0" branch="False" />
                <line number="80" hits="0" branch="False" />
                <line number="81" hits="0" branch="False" />
                <line number="83" hits="0" branch="False" />
                <line number="84" hits="0" branch="False" />
                <line number="85" hits="0" branch="False" />
                <line number="86" hits="0" branch="False" />
                <line number="88" hits="0" branch="False" />
                <line number="89" hits="0" branch="False" />
              </lines>
            </method>
          </methods>
          <lines>
            <line number="1" hits="0" branch="False" />
            <line number="4" hits="0" branch="False" />
            <line number="7" hits="0" branch="False" />
            <line number="8" hits="0" branch="False" />
            <line number="9" hits="0" branch="False" />
            <line number="11" hits="0" branch="False" />
            <line number="14" hits="0" branch="False" />
            <line number="15" hits="0" branch="False" />
            <line number="16" hits="0" branch="False" />
            <line number="17" hits="0" branch="False" />
            <line number="18" hits="0" branch="False" />
            <line number="21" hits="0" branch="False" />
            <line number="23" hits="0" branch="False" />
            <line number="29" hits="0" branch="False" />
            <line number="31" hits="0" branch="False" />
            <line number="32" hits="0" branch="False" />
            <line number="33" hits="0" branch="False" />
            <line number="34" hits="0" branch="False" />
            <line number="35" hits="0" branch="False" />
            <line number="36" hits="0" branch="False" />
            <line number="37" hits="0" branch="False" />
            <line number="40" hits="0" branch="False" />
            <line number="41" hits="0" branch="False" />
            <line number="42" hits="0" branch="False" />
            <line number="43" hits="0" branch="False" />
            <line number="44" hits="0" branch="False" />
            <line number="45" hits="0" branch="False" />
            <line number="46" hits="0" branch="False" />
            <line number="49" hits="0" branch="False" />
            <line number="50" hits="0" branch="False" />
            <line number="51" hits="0" branch="False" />
            <line number="52" hits="0" branch="False" />
            <line number="53" hits="0" branch="False" />
            <line number="54" hits="0" branch="False" />
            <line number="55" hits="0" branch="False" />
            <line number="56" hits="0" branch="False" />
            <line number="57" hits="0" branch="False" />
            <line number="60" hits="0" branch="False" />
            <line number="61" hits="0" branch="False" />
            <line number="62" hits="0" branch="False" />
            <line number="63" hits="0" branch="False" />
            <line number="64" hits="0" branch="False" />
            <line number="65" hits="0" branch="False" />
            <line number="66" hits="0" branch="False" />
            <line number="67" hits="0" branch="False" />
            <line number="68" hits="0" branch="False" />
            <line number="69" hits="0" branch="False" />
            <line number="75" hits="0" branch="False" />
            <line number="76" hits="0" branch="True" condition-coverage="0% (0/2)">
              <conditions>
                <condition number="14" type="jump" coverage="0%" />
              </conditions>
            </line>
            <line number="77" hits="0" branch="False" />
            <line number="78" hits="0" branch="False" />
            <line number="79" hits="0" branch="False" />
            <line number="80" hits="0" branch="False" />
            <line number="81" hits="0" branch="False" />
            <line number="83" hits="0" branch="False" />
            <line number="84" hits="0" branch="False" />
            <line number="85" hits="0" branch="False" />
            <line number="86" hits="0" branch="False" />
            <line number="88" hits="0" branch="False" />
            <line number="89" hits="0" branch="False" />
          </lines>
        </class>
        <class name="BlazorGame.GameService.Services.ActionService" filename="BlazorGame.GameService/Services/ActionService.cs" line-rate="1" branch-rate="0.75" complexity="6">
          <methods>
            <method name="CreatePlayerSnapshot" signature="(BlazorGame.SharedModels.Models.Entities.Player)" line-rate="1" branch-rate="0.75" complexity="4">
              <lines>
                <line number="477" hits="31" branch="False" />
                <line number="478" hits="31" branch="True" condition-coverage="75% (3/4)">
                  <conditions>
                    <condition number="92" type="jump" coverage="100%" />
                    <condition number="131" type="jump" coverage="50%" />
                  </conditions>
                </line>
                <line number="479" hits="31" branch="False" />
                <line number="480" hits="31" branch="False" />
                <line number="481" hits="31" branch="False" />
                <line number="482" hits="31" branch="False" />
                <line number="483" hits="31" branch="False" />
                <line number="484" hits="31" branch="False" />
                <line number="485" hits="31" branch="False" />
                <line number="486" hits="31" branch="False" />
                <line number="487" hits="28" branch="False" />
                <line number="488" hits="28" branch="False" />
                <line number="489" hits="28" branch="False" />
                <line number="490" hits="28" branch="False" />
                <line number="491" hits="28" branch="False" />
                <line number="492" hits="28" branch="False" />
                <line number="493" hits="31" branch="False" />
                <line number="494" hits="31" branch="False" />
              </lines>
            </method>
            <method name=".ctor" signature="(BlazorGame.GameService.Data.GameDatabaseContext,BlazorGame.GameService.Services.PlayerService,BlazorGame.GameService.Services.FightService,BlazorGame.GameService.Services.GameSessionService)" line-rate="1" branch-rate="1" complexity="1">
              <lines>
                <line number="17" hits="46" branch="False" />
                <line number="18" hits="46" branch="False" />
                <line number="19" hits="46" branch="False" />
                <line number="20" hits="46" branch="False" />
                <line number="21" hits="46" branch="False" />
                <line number="22" hits="46" branch="False" />
                <line number="23" hits="46" branch="False" />
              </lines>
            </method>
            <method name=".cctor" signature="()" line-rate="1" branch-rate="1" complexity="1">
              <lines>
                <line number="12" hits="1" branch="False" />
              </lines>
            </method>
          </methods>
          <lines>
            <line number="477" hits="31" branch="False" />
            <line number="478" hits="31" branch="True" condition-coverage="75% (3/4)">
              <conditions>
                <condition number="92" type="jump" coverage="100%" />
                <condition number="131" type="jump" coverage="50%" />
              </conditions>
            </line>
            <line number="479" hits="31" branch="False" />
            <line number="480" hits="31" branch="False" />
            <line number="481" hits="31" branch="False" />
            <line number="482" hits="31" branch="False" />
            <line number="483" hits="31" branch="False" />
            <line number="484" hits="31" branch="False" />
            <line number="485" hits="31" branch="False" />
            <line number="486" hits="31" branch="False" />
            <line number="487" hits="28" branch="False" />
            <line number="488" hits="28" branch="False" />
            <line number="489" hits="28" branch="False" />
            <line number="490" hits="28" branch="False" />
            <line number="491" hits="28" branch="False" />
            <line number="492" hits="28" branch="False" />
            <line number="493" hits="31" branch="False" />
            <line number="494" hits="31" branch="False" />
            <line number="17" hits="46" branch="False" />
            <line number="18" hits="46" branch="False" />
            <line number="19" hits="46" branch="False" />
            <line number="20" hits="46" branch="False" />
            <line number="21" hits="46" branch="False" />
            <line number="22" hits="46" branch="False" />
            <line number="23" hits="46" branch="False" />
            <line number="12" hits="1" branch="False" />
          </lines>
        </class>
        <class name="BlazorGame.GameService.Services.ActionService/&lt;&gt;c" filename="BlazorGame.GameService/Services/ActionService.cs" line-rate="1" branch-rate="1" complexity="1">
          <methods>
            <method name="&lt;GetNextRoomIdAsync&gt;b__12_0" signature="(BlazorGame.SharedModels.Models.Environment.Room)" line-rate="1" branch-rate="1" complexity="1">
              <lines>
                <line number="449" hits="110" branch="False" />
              </lines>
            </method>
          </methods>
          <lines>
            <line number="449" hits="110" branch="False" />
          </lines>
        </class>
        <class name="BlazorGame.GameService.Services.ActionService/&lt;&gt;c__DisplayClass12_0" filename="BlazorGame.GameService/Services/ActionService.cs" line-rate="1" branch-rate="1" complexity="1">
          <methods>
            <method name="&lt;GetNextRoomIdAsync&gt;b__1" signature="(BlazorGame.SharedModels.Models.Environment.Room)" line-rate="1" branch-rate="1" complexity="1">
              <lines>
                <line number="451" hits="55" branch="False" />
              </lines>
            </method>
          </methods>
          <lines>
            <line number="451" hits="55" branch="False" />
          </lines>
        </class>
        <class name="BlazorGame.GameService.Services.ActionService/&lt;FightAsync&gt;d__10" filename="BlazorGame.GameService/Services/ActionService.cs" line-rate="0.9629000000000001" branch-rate="0.8928" complexity="28">
          <methods>
            <method name="MoveNext" signature="()" line-rate="0.9629000000000001" branch-rate="0.8928" complexity="28">
              <lines>
                <line number="322" hits="13" branch="False" />
                <line number="323" hits="13" branch="False" />
                <line number="324" hits="13" branch="True" condition-coverage="100% (2/2)">
                  <conditions>
                    <condition number="273" type="jump" coverage="100%" />
                  </conditions>
                </line>
                <line number="325" hits="2" branch="False" />
                <line number="326" hits="2" branch="False" />
                <line number="327" hits="2" branch="False" />
                <line number="328" hits="2" branch="False" />
                <line number="329" hits="2" branch="False" />
                <line number="330" hits="2" branch="False" />
                <line number="331" hits="2" branch="False" />
                <line number="334" hits="11" branch="False" />
                <line number="335" hits="11" branch="True" condition-coverage="100% (2/2)">
                  <conditions>
                    <condition number="466" type="jump" coverage="100%" />
                  </conditions>
                </line>
                <line number="336" hits="2" branch="False" />
                <line number="337" hits="2" branch="False" />
                <line number="338" hits="2" branch="False" />
                <line number="339" hits="2" branch="False" />
                <line number="340" hits="2" branch="False" />
                <line number="341" hits="2" branch="False" />
                <line number="342" hits="2" branch="False" />
                <line number="345" hits="9" branch="True" condition-coverage="100% (2/2)">
                  <conditions>
                    <condition number="530" type="jump" coverage="100%" />
                  </conditions>
                </line>
                <line number="346" hits="2" branch="False" />
                <line number="347" hits="2" branch="False" />
                <line number="348" hits="2" branch="False" />
                <line number="349" hits="2" branch="False" />
                <line number="350" hits="2" branch="False" />
                <line number="351" hits="2" branch="False" />
                <line number="352" hits="2" branch="False" />
                <line number="353" hits="2" branch="False" />
                <line number="357" hits="7" branch="False" />
                <line number="359" hits="7" branch="False" />
                <line number="360" hits="7" branch="False" />
                <line number="361" hits="7" branch="True" condition-coverage="100% (2/2)">
                  <conditions>
                    <condition number="1026" type="jump" coverage="100%" />
                  </conditions>
                </line>
                <line number="364" hits="7" branch="False" />
                <line number="365" hits="7" branch="False" />
                <line number="368" hits="7" branch="False" />
                <line number="369" hits="7" branch="False" />
                <line number="370" hits="7" branch="True" condition-coverage="100% (2/2)">
                  <conditions>
                    <condition number="1408" type="jump" coverage="100%" />
                  </conditions>
                </line>
                <line number="371" hits="5" branch="False" />
                <line number="372" hits="5" branch="True" condition-coverage="100% (2/2)">
                  <conditions>
                    <condition number="1424" type="jump" coverage="100%" />
                  </conditions>
                </line>
                <line number="373" hits="4" branch="False" />
                <line number="374" hits="4" branch="False" />
                <line number="375" hits="4" branch="False" />
                <line number="378" hits="5" branch="True" condition-coverage="100% (4/4)">
                  <conditions>
                    <condition number="1579" type="jump" coverage="100%" />
                    <condition number="1602" type="jump" coverage="100%" />
                  </conditions>
                </line>
                <line number="379" hits="1" branch="False" />
                <line number="380" hits="1" branch="False" />
                <line number="381" hits="1" branch="False" />
                <line number="382" hits="1" branch="True" condition-coverage="50% (1/2)">
                  <conditions>
                    <condition number="1881" type="jump" coverage="50%" />
                  </conditions>
                </line>
                <line number="383" hits="1" branch="False" />
                <line number="384" hits="4" branch="True" condition-coverage="100% (2/2)">
                  <conditions>
                    <condition number="1930" type="jump" coverage="100%" />
                  </conditions>
                </line>
                <line number="385" hits="1" branch="False" />
                <line number="386" hits="1" branch="False" />
                <line number="387" hits="1" branch="False" />
                <line number="388" hits="1" branch="True" condition-coverage="50% (1/2)">
                  <conditions>
                    <condition number="2210" type="jump" coverage="50%" />
                  </conditions>
                </line>
                <line number="389" hits="1" branch="False" />
                <line number="391" hits="3" branch="False" />
                <line number="392" hits="3" branch="False" />
                <line number="393" hits="3" branch="False" />
                <line number="394" hits="5" branch="False" />
                <line number="397" hits="7" branch="True" condition-coverage="100% (2/2)">
                  <conditions>
                    <condition number="2278" type="jump" coverage="100%" />
                  </conditions>
                </line>
                <line number="398" hits="6" branch="False" />
                <line number="399" hits="6" branch="False" />
                <line number="400" hits="6" branch="False" />
                <line number="401" hits="1" branch="True" condition-coverage="50% (1/2)">
                  <conditions>
                    <condition number="2402" type="jump" coverage="50%" />
                  </conditions>
                </line>
                <line number="402" hits="0" branch="False" />
                <line number="403" hits="0" branch="False" />
                <line number="404" hits="0" branch="False" />
                <line number="406" hits="1" branch="False" />
                <line number="407" hits="1" branch="False" />
                <line number="408" hits="1" branch="False" />
                <line number="410" hits="7" branch="True" condition-coverage="100% (2/2)">
                  <conditions>
                    <condition number="2667" type="jump" coverage="100%" />
                  </conditions>
                </line>
                <line number="411" hits="7" branch="False" />
                <line number="412" hits="7" branch="False" />
                <line number="413" hits="7" branch="False" />
                <line number="414" hits="7" branch="False" />
                <line number="415" hits="7" branch="False" />
                <line number="416" hits="7" branch="False" />
                <line number="417" hits="7" branch="False" />
                <line number="418" hits="7" branch="False" />
                <line number="419" hits="7" branch="False" />
                <line number="420" hits="7" branch="False" />
                <line number="421" hits="13" branch="False" />
              </lines>
            </method>
          </methods>
          <lines>
            <line number="322" hits="13" branch="False" />
            <line number="323" hits="13" branch="False" />
            <line number="324" hits="13" branch="True" condition-coverage="100% (2/2)">
              <conditions>
                <condition number="273" type="jump" coverage="100%" />
              </conditions>
            </line>
            <line number="325" hits="2" branch="False" />
            <line number="326" hits="2" branch="False" />
            <line number="327" hits="2" branch="False" />
            <line number="328" hits="2" branch="False" />
            <line number="329" hits="2" branch="False" />
            <line number="330" hits="2" branch="False" />
            <line number="331" hits="2" branch="False" />
            <line number="334" hits="11" branch="False" />
            <line number="335" hits="11" branch="True" condition-coverage="100% (2/2)">
              <conditions>
                <condition number="466" type="jump" coverage="100%" />
              </conditions>
            </line>
            <line number="336" hits="2" branch="False" />
            <line number="337" hits="2" branch="False" />
            <line number="338" hits="2" branch="False" />
            <line number="339" hits="2" branch="False" />
            <line number="340" hits="2" branch="False" />
            <line number="341" hits="2" branch="False" />
            <line number="342" hits="2" branch="False" />
            <line number="345" hits="9" branch="True" condition-coverage="100% (2/2)">
              <conditions>
                <condition number="530" type="jump" coverage="100%" />
              </conditions>
            </line>
            <line number="346" hits="2" branch="False" />
            <line number="347" hits="2" branch="False" />
            <line number="348" hits="2" branch="False" />
            <line number="349" hits="2" branch="False" />
            <line number="350" hits="2" branch="False" />
            <line number="351" hits="2" branch="False" />
            <line number="352" hits="2" branch="False" />
            <line number="353" hits="2" branch="False" />
            <line number="357" hits="7" branch="False" />
            <line number="359" hits="7" branch="False" />
            <line number="360" hits="7" branch="False" />
            <line number="361" hits="7" branch="True" condition-coverage="100% (2/2)">
              <conditions>
                <condition number="1026" type="jump" coverage="100%" />
              </conditions>
            </line>
            <line number="364" hits="7" branch="False" />
            <line number="365" hits="7" branch="False" />
            <line number="368" hits="7" branch="False" />
            <line number="369" hits="7" branch="False" />
            <line number="370" hits="7" branch="True" condition-coverage="100% (2/2)">
              <conditions>
                <condition number="1408" type="jump" coverage="100%" />
              </conditions>
            </line>
            <line number="371" hits="5" branch="False" />
            <line number="372" hits="5" branch="True" condition-coverage="100% (2/2)">
              <conditions>
                <condition number="1424" type="jump" coverage="100%" />
              </conditions>
            </line>
            <line number="373" hits="4" branch="False" />
            <line number="374" hits="4" branch="False" />
            <line number="375" hits="4" branch="False" />
            <line number="378" hits="5" branch="True" condition-coverage="100% (4/4)">
              <conditions>
                <condition number="1579" type="jump" coverage="100%" />
                <condition number="1602" type="jump" coverage="100%" />
              </conditions>
            </line>
            <line number="379" hits="1" branch="False" />
            <line number="380" hits="1" branch="False" />
            <line number="381" hits="1" branch="False" />
            <line number="382" hits="1" branch="True" condition-coverage="50% (1/2)">
              <conditions>
                <condition number="1881" type="jump" coverage="50%" />
              </conditions>
            </line>
            <line number="383" hits="1" branch="False" />
            <line number="384" hits="4" branch="True" condition-coverage="100% (2/2)">
              <conditions>
                <condition number="1930" type="jump" coverage="100%" />
              </conditions>
            </line>
            <line number="385" hits="1" branch="False" />
            <line number="386" hits="1" branch="False" />
            <line number="387" hits="1" branch="False" />
            <line number="388" hits="1" branch="True" condition-coverage="50% (1/2)">
              <conditions>
                <condition number="2210" type="jump" coverage="50%" />
              </conditions>
            </line>
            <line number="389" hits="1" branch="False" />
            <line number="391" hits="3" branch="False" />
            <line number="392" hits="3" branch="False" />
            <line number="393" hits="3" branch="False" />
            <line number="394" hits="5" branch="False" />
            <line number="397" hits="7" branch="True" condition-coverage="100% (2/2)">
              <conditions>
                <condition number="2278" type="jump" coverage="100%" />
              </conditions>
            </line>
            <line number="398" hits="6" branch="False" />
            <line number="399" hits="6" branch="False" />
            <line number="400" hits="6" branch="False" />
            <line number="401" hits="1" branch="True" condition-coverage="50% (1/2)">
              <conditions>
                <condition number="2402" type="jump" coverage="50%" />
              </conditions>
            </line>
            <line number="402" hits="0" branch="False" />
            <line number="403" hits="0" branch="False" />
            <line number="404" hits="0" branch="False" />
            <line number="406" hits="1" branch="False" />
            <line number="407" hits="1" branch="False" />
            <line number="408" hits="1" branch="False" />
            <line number="410" hits="7" branch="True" condition-coverage="100% (2/2)">
              <conditions>
                <condition number="2667" type="jump" coverage="100%" />
              </conditions>
            </line>
            <line number="411" hits="7" branch="False" />
            <line number="412" hits="7" branch="False" />
            <line number="413" hits="7" branch="False" />
            <line number="414" hits="7" branch="False" />
            <line number="415" hits="7" branch="False" />
            <line number="416" hits="7" branch="False" />
            <line number="417" hits="7" branch="False" />
            <line number="418" hits="7" branch="False" />
            <line number="419" hits="7" branch="False" />
            <line number="420" hits="7" branch="False" />
            <line number="421" hits="13" branch="False" />
          </lines>
        </class>
        <class name="BlazorGame.GameService.Services.ActionService/&lt;GetNextPotionIdAsync&gt;d__13" filename="BlazorGame.GameService/Services/ActionService.cs" line-rate="0" branch-rate="0" complexity="2">
          <methods>
            <method name="MoveNext" signature="()" line-rate="0" branch-rate="0" complexity="2">
              <lines>
                <line number="467" hits="0" branch="False" />
                <line number="468" hits="0" branch="True" condition-coverage="0% (0/2)">
                  <conditions>
                    <condition number="158" type="jump" coverage="0%" />
                  </conditions>
                </line>
                <line number="469" hits="0" branch="False" />
                <line number="470" hits="0" branch="False" />
                <line number="471" hits="0" branch="False" />
              </lines>
            </method>
          </methods>
          <lines>
            <line number="467" hits="0" branch="False" />
            <line number="468" hits="0" branch="True" condition-coverage="0% (0/2)">
              <conditions>
                <condition number="158" type="jump" coverage="0%" />
              </conditions>
            </line>
            <line number="469" hits="0" branch="False" />
            <line number="470" hits="0" branch="False" />
            <line number="471" hits="0" branch="False" />
          </lines>
        </class>
        <class name="BlazorGame.GameService.Services.ActionService/&lt;GetNextRoomIdAsync&gt;d__12" filename="BlazorGame.GameService/Services/ActionService.cs" line-rate="1" branch-rate="1" complexity="6">
          <methods>
            <method name="MoveNext" signature="()" line-rate="1" branch-rate="1" complexity="6">
              <lines>
                <line number="441" hits="22" branch="False" />
                <line number="442" hits="22" branch="False" />
                <line number="443" hits="22" branch="False" />
                <line number="444" hits="22" branch="False" />
                <line number="446" hits="23" branch="True" condition-coverage="100% (2/2)">
                  <conditions>
                    <condition number="393" type="jump" coverage="100%" />
                  </conditions>
                </line>
                <line number="452" hits="21" branch="True" condition-coverage="100% (4/4)">
                  <conditions>
                    <condition number="507" type="jump" coverage="100%" />
                    <condition number="540" type="jump" coverage="100%" />
                  </conditions>
                </line>
                <line number="453" hits="6" branch="False" />
                <line number="455" hits="6" branch="False" />
                <line number="456" hits="6" branch="False" />
                <line number="457" hits="6" branch="False" />
                <line number="460" hits="15" branch="False" />
                <line number="461" hits="22" branch="False" />
              </lines>
            </method>
          </methods>
          <lines>
            <line number="441" hits="22" branch="False" />
            <line number="442" hits="22" branch="False" />
            <line number="443" hits="22" branch="False" />
            <line number="444" hits="22" branch="False" />
            <line number="446" hits="23" branch="True" condition-coverage="100% (2/2)">
              <conditions>
                <condition number="393" type="jump" coverage="100%" />
              </conditions>
            </line>
            <line number="452" hits="21" branch="True" condition-coverage="100% (4/4)">
              <conditions>
                <condition number="507" type="jump" coverage="100%" />
                <condition number="540" type="jump" coverage="100%" />
              </conditions>
            </line>
            <line number="453" hits="6" branch="False" />
            <line number="455" hits="6" branch="False" />
            <line number="456" hits="6" branch="False" />
            <line number="457" hits="6" branch="False" />
            <line number="460" hits="15" branch="False" />
            <line number="461" hits="22" branch="False" />
          </lines>
        </class>
        <class name="BlazorGame.GameService.Services.ActionService/&lt;GetRoomWithDetailsAsync&gt;d__11" filename="BlazorGame.GameService/Services/ActionService.cs" line-rate="1" branch-rate="1" complexity="1">
          <methods>
            <method name="MoveNext" signature="()" line-rate="1" branch-rate="1" complexity="1">
              <lines>
                <line number="427" hits="29" branch="False" />
                <line number="428" hits="29" branch="False" />
                <line number="429" hits="29" branch="False" />
                <line number="430" hits="29" branch="False" />
                <line number="431" hits="29" branch="False" />
                <line number="432" hits="29" branch="False" />
                <line number="433" hits="29" branch="False" />
                <line number="434" hits="29" branch="False" />
                <line number="435" hits="29" branch="False" />
              </lines>
            </method>
          </methods>
          <lines>
            <line number="427" hits="29" branch="False" />
            <line number="428" hits="29" branch="False" />
            <line number="429" hits="29" branch="False" />
            <line number="430" hits="29" branch="False" />
            <line number="431" hits="29" branch="False" />
            <line number="432" hits="29" branch="False" />
            <line number="433" hits="29" branch="False" />
            <line number="434" hits="29" branch="False" />
            <line number="435" hits="29" branch="False" />
          </lines>
        </class>
        <class name="BlazorGame.GameService.Services.ActionService/&lt;IgnoreAsync&gt;d__9" filename="BlazorGame.GameService/Services/ActionService.cs" line-rate="1" branch-rate="1" complexity="2">
          <methods>
            <method name="MoveNext" signature="()" line-rate="1" branch-rate="1" complexity="2">
              <lines>
                <line number="293" hits="10" branch="False" />
                <line number="294" hits="10" branch="False" />
                <line number="295" hits="10" branch="True" condition-coverage="100% (2/2)">
                  <conditions>
                    <condition number="175" type="jump" coverage="100%" />
                  </conditions>
                </line>
                <line number="296" hits="2" branch="False" />
                <line number="297" hits="2" branch="False" />
                <line number="298" hits="2" branch="False" />
                <line number="299" hits="2" branch="False" />
                <line number="300" hits="2" branch="False" />
                <line number="301" hits="2" branch="False" />
                <line number="302" hits="2" branch="False" />
                <line number="305" hits="8" branch="False" />
                <line number="307" hits="8" branch="False" />
                <line number="308" hits="8" branch="False" />
                <line number="309" hits="8" branch="False" />
                <line number="310" hits="8" branch="False" />
                <line number="311" hits="8" branch="False" />
                <line number="312" hits="8" branch="False" />
                <line number="313" hits="8" branch="False" />
                <line number="314" hits="8" branch="False" />
                <line number="315" hits="8" branch="False" />
                <line number="316" hits="10" branch="False" />
              </lines>
            </method>
          </methods>
          <lines>
            <line number="293" hits="10" branch="False" />
            <line number="294" hits="10" branch="False" />
            <line number="295" hits="10" branch="True" condition-coverage="100% (2/2)">
              <conditions>
                <condition number="175" type="jump" coverage="100%" />
              </conditions>
            </line>
            <line number="296" hits="2" branch="False" />
            <line number="297" hits="2" branch="False" />
            <line number="298" hits="2" branch="False" />
            <line number="299" hits="2" branch="False" />
            <line number="300" hits="2" branch="False" />
            <line number="301" hits="2" branch="False" />
            <line number="302" hits="2" branch="False" />
            <line number="305" hits="8" branch="False" />
            <line number="307" hits="8" branch="False" />
            <line number="308" hits="8" branch="False" />
            <line number="309" hits="8" branch="False" />
            <line number="310" hits="8" branch="False" />
            <line number="311" hits="8" branch="False" />
            <line number="312" hits="8" branch="False" />
            <line number="313" hits="8" branch="False" />
            <line number="314" hits="8" branch="False" />
            <line number="315" hits="8" branch="False" />
            <line number="316" hits="10" branch="False" />
          </lines>
        </class>
        <class name="BlazorGame.GameService.Services.ActionService/&lt;OpenChestAsync&gt;d__8" filename="BlazorGame.GameService/Services/ActionService.cs" line-rate="0.9673" branch-rate="0.85" complexity="20">
          <methods>
            <method name="MoveNext" signature="()" line-rate="0.9673" branch-rate="0.85" complexity="20">
              <lines>
                <line number="175" hits="11" branch="False" />
                <line number="176" hits="11" branch="False" />
                <line number="177" hits="11" branch="True" condition-coverage="100% (2/2)">
                  <conditions>
                    <condition number="282" type="jump" coverage="100%" />
                  </conditions>
                </line>
                <line number="178" hits="2" branch="False" />
                <line number="179" hits="2" branch="False" />
                <line number="180" hits="2" branch="False" />
                <line number="181" hits="2" branch="False" />
                <line number="182" hits="2" branch="False" />
                <line number="183" hits="2" branch="False" />
                <line number="184" hits="2" branch="False" />
                <line number="187" hits="9" branch="False" />
                <line number="188" hits="9" branch="True" condition-coverage="100% (2/2)">
                  <conditions>
                    <condition number="475" type="jump" coverage="100%" />
                  </conditions>
                </line>
                <line number="189" hits="1" branch="False" />
                <line number="190" hits="1" branch="False" />
                <line number="191" hits="1" branch="False" />
                <line number="192" hits="1" branch="False" />
                <line number="193" hits="1" branch="False" />
                <line number="194" hits="1" branch="False" />
                <line number="195" hits="1" branch="False" />
                <line number="198" hits="8" branch="True" condition-coverage="100% (2/2)">
                  <conditions>
                    <condition number="539" type="jump" coverage="100%" />
                  </conditions>
                </line>
                <line number="199" hits="2" branch="False" />
                <line number="200" hits="2" branch="False" />
                <line number="201" hits="2" branch="False" />
                <line number="202" hits="2" branch="False" />
                <line number="203" hits="2" branch="False" />
                <line number="204" hits="2" branch="False" />
                <line number="205" hits="2" branch="False" />
                <line number="206" hits="2" branch="False" />
                <line number="209" hits="6" branch="True" condition-coverage="100% (2/2)">
                  <conditions>
                    <condition number="623" type="jump" coverage="100%" />
                  </conditions>
                </line>
                <line number="210" hits="1" branch="False" />
                <line number="211" hits="1" branch="False" />
                <line number="212" hits="1" branch="False" />
                <line number="213" hits="1" branch="False" />
                <line number="214" hits="1" branch="False" />
                <line number="215" hits="1" branch="False" />
                <line number="216" hits="1" branch="False" />
                <line number="217" hits="1" branch="False" />
                <line number="221" hits="5" branch="False" />
                <line number="222" hits="5" branch="False" />
                <line number="225" hits="5" branch="False" />
                <line number="226" hits="5" branch="False" />
                <line number="227" hits="5" branch="True" condition-coverage="100% (2/2)">
                  <conditions>
                    <condition number="988" type="jump" coverage="100%" />
                  </conditions>
                </line>
                <line number="228" hits="3" branch="False" />
                <line number="229" hits="3" branch="False" />
                <line number="230" hits="3" branch="False" />
                <line number="232" hits="5" branch="False" />
                <line number="233" hits="5" branch="False" />
                <line number="237" hits="5" branch="True" condition-coverage="100% (2/2)">
                  <conditions>
                    <condition number="1302" type="jump" coverage="100%" />
                  </conditions>
                </line>
                <line number="238" hits="1" branch="False" />
                <line number="239" hits="1" branch="False" />
                <line number="240" hits="1" branch="False" />
                <line number="241" hits="1" branch="False" />
                <line number="242" hits="1" branch="False" />
                <line number="244" hits="1" branch="True" condition-coverage="50% (1/2)">
                  <conditions>
                    <condition number="1857" type="jump" coverage="50%" />
                  </conditions>
                </line>
                <line number="245" hits="1" branch="False" />
                <line number="246" hits="1" branch="False" />
                <line number="247" hits="1" branch="False" />
                <line number="248" hits="1" branch="False" />
                <line number="249" hits="1" branch="False" />
                <line number="250" hits="1" branch="False" />
                <line number="251" hits="1" branch="False" />
                <line number="252" hits="1" branch="False" />
                <line number="253" hits="1" branch="False" />
                <line number="257" hits="4" branch="True" condition-coverage="100% (2/2)">
                  <conditions>
                    <condition number="1930" type="jump" coverage="100%" />
                  </conditions>
                </line>
                <line number="258" hits="1" branch="False" />
                <line number="259" hits="1" branch="False" />
                <line number="260" hits="1" branch="False" />
                <line number="261" hits="1" branch="False" />
                <line number="262" hits="1" branch="False" />
                <line number="263" hits="1" branch="False" />
                <line number="264" hits="3" branch="True" condition-coverage="50% (1/2)">
                  <conditions>
                    <condition number="2425" type="jump" coverage="50%" />
                  </conditions>
                </line>
                <line number="265" hits="3" branch="False" />
                <line number="266" hits="3" branch="False" />
                <line number="267" hits="3" branch="False" />
                <line number="268" hits="3" branch="True" condition-coverage="50% (1/2)">
                  <conditions>
                    <condition number="2751" type="jump" coverage="50%" />
                  </conditions>
                </line>
                <line number="269" hits="3" branch="False" />
                <line number="270" hits="3" branch="False" />
                <line number="272" hits="0" branch="False" />
                <line number="273" hits="0" branch="False" />
                <line number="274" hits="0" branch="False" />
                <line number="276" hits="4" branch="False" />
                <line number="277" hits="4" branch="False" />
                <line number="278" hits="4" branch="False" />
                <line number="279" hits="4" branch="False" />
                <line number="280" hits="4" branch="False" />
                <line number="281" hits="4" branch="False" />
                <line number="282" hits="4" branch="False" />
                <line number="283" hits="4" branch="False" />
                <line number="284" hits="4" branch="False" />
                <line number="285" hits="4" branch="False" />
                <line number="286" hits="4" branch="False" />
                <line number="287" hits="11" branch="False" />
              </lines>
            </method>
          </methods>
          <lines>
            <line number="175" hits="11" branch="False" />
            <line number="176" hits="11" branch="False" />
            <line number="177" hits="11" branch="True" condition-coverage="100% (2/2)">
              <conditions>
                <condition number="282" type="jump" coverage="100%" />
              </conditions>
            </line>
            <line number="178" hits="2" branch="False" />
            <line number="179" hits="2" branch="False" />
            <line number="180" hits="2" branch="False" />
            <line number="181" hits="2" branch="False" />
            <line number="182" hits="2" branch="False" />
            <line number="183" hits="2" branch="False" />
            <line number="184" hits="2" branch="False" />
            <line number="187" hits="9" branch="False" />
            <line number="188" hits="9" branch="True" condition-coverage="100% (2/2)">
              <conditions>
                <condition number="475" type="jump" coverage="100%" />
              </conditions>
            </line>
            <line number="189" hits="1" branch="False" />
            <line number="190" hits="1" branch="False" />
            <line number="191" hits="1" branch="False" />
            <line number="192" hits="1" branch="False" />
            <line number="193" hits="1" branch="False" />
            <line number="194" hits="1" branch="False" />
            <line number="195" hits="1" branch="False" />
            <line number="198" hits="8" branch="True" condition-coverage="100% (2/2)">
              <conditions>
                <condition number="539" type="jump" coverage="100%" />
              </conditions>
            </line>
            <line number="199" hits="2" branch="False" />
            <line number="200" hits="2" branch="False" />
            <line number="201" hits="2" branch="False" />
            <line number="202" hits="2" branch="False" />
            <line number="203" hits="2" branch="False" />
            <line number="204" hits="2" branch="False" />
            <line number="205" hits="2" branch="False" />
            <line number="206" hits="2" branch="False" />
            <line number="209" hits="6" branch="True" condition-coverage="100% (2/2)">
              <conditions>
                <condition number="623" type="jump" coverage="100%" />
              </conditions>
            </line>
            <line number="210" hits="1" branch="False" />
            <line number="211" hits="1" branch="False" />
            <line number="212" hits="1" branch="False" />
            <line number="213" hits="1" branch="False" />
            <line number="214" hits="1" branch="False" />
            <line number="215" hits="1" branch="False" />
            <line number="216" hits="1" branch="False" />
            <line number="217" hits="1" branch="False" />
            <line number="221" hits="5" branch="False" />
            <line number="222" hits="5" branch="False" />
            <line number="225" hits="5" branch="False" />
            <line number="226" hits="5" branch="False" />
            <line number="227" hits="5" branch="True" condition-coverage="100% (2/2)">
              <conditions>
                <condition number="988" type="jump" coverage="100%" />
              </conditions>
            </line>
            <line number="228" hits="3" branch="False" />
            <line number="229" hits="3" branch="False" />
            <line number="230" hits="3" branch="False" />
            <line number="232" hits="5" branch="False" />
            <line number="233" hits="5" branch="False" />
            <line number="237" hits="5" branch="True" condition-coverage="100% (2/2)">
              <conditions>
                <condition number="1302" type="jump" coverage="100%" />
              </conditions>
            </line>
            <line number="238" hits="1" branch="False" />
            <line number="239" hits="1" branch="False" />
            <line number="240" hits="1" branch="False" />
            <line number="241" hits="1" branch="False" />
            <line number="242" hits="1" branch="False" />
            <line number="244" hits="1" branch="True" condition-coverage="50% (1/2)">
              <conditions>
                <condition number="1857" type="jump" coverage="50%" />
              </conditions>
            </line>
            <line number="245" hits="1" branch="False" />
            <line number="246" hits="1" branch="False" />
            <line number="247" hits="1" branch="False" />
            <line number="248" hits="1" branch="False" />
            <line number="249" hits="1" branch="False" />
            <line number="250" hits="1" branch="False" />
            <line number="251" hits="1" branch="False" />
            <line number="252" hits="1" branch="False" />
            <line number="253" hits="1" branch="False" />
            <line number="257" hits="4" branch="True" condition-coverage="100% (2/2)">
              <conditions>
                <condition number="1930" type="jump" coverage="100%" />
              </conditions>
            </line>
            <line number="258" hits="1" branch="False" />
            <line number="259" hits="1" branch="False" />
            <line number="260" hits="1" branch="False" />
            <line number="261" hits="1" branch="False" />
            <line number="262" hits="1" branch="False" />
            <line number="263" hits="1" branch="False" />
            <line number="264" hits="3" branch="True" condition-coverage="50% (1/2)">
              <conditions>
                <condition number="2425" type="jump" coverage="50%" />
              </conditions>
            </line>
            <line number="265" hits="3" branch="False" />
            <line number="266" hits="3" branch="False" />
            <line number="267" hits="3" branch="False" />
            <line number="268" hits="3" branch="True" condition-coverage="50% (1/2)">
              <conditions>
                <condition number="2751" type="jump" coverage="50%" />
              </conditions>
            </line>
            <line number="269" hits="3" branch="False" />
            <line number="270" hits="3" branch="False" />
            <line number="272" hits="0" branch="False" />
            <line number="273" hits="0" branch="False" />
            <line number="274" hits="0" branch="False" />
            <line number="276" hits="4" branch="False" />
            <line number="277" hits="4" branch="False" />
            <line number="278" hits="4" branch="False" />
            <line number="279" hits="4" branch="False" />
            <line number="280" hits="4" branch="False" />
            <line number="281" hits="4" branch="False" />
            <line number="282" hits="4" branch="False" />
            <line number="283" hits="4" branch="False" />
            <line number="284" hits="4" branch="False" />
            <line number="285" hits="4" branch="False" />
            <line number="286" hits="4" branch="False" />
            <line number="287" hits="11" branch="False" />
          </lines>
        </class>
        <class name="BlazorGame.GameService.Services.ActionService/&lt;RunAwayAsync&gt;d__6" filename="BlazorGame.GameService/Services/ActionService.cs" line-rate="1" branch-rate="1" complexity="10">
          <methods>
            <method name="MoveNext" signature="()" line-rate="1" branch-rate="1" complexity="10">
              <lines>
                <line number="29" hits="8" branch="False" />
                <line number="30" hits="8" branch="False" />
                <line number="31" hits="8" branch="True" condition-coverage="100% (2/2)">
                  <conditions>
                    <condition number="234" type="jump" coverage="100%" />
                  </conditions>
                </line>
                <line number="32" hits="2" branch="False" />
                <line number="33" hits="2" branch="False" />
                <line number="34" hits="2" branch="False" />
                <line number="35" hits="2" branch="False" />
                <line number="36" hits="2" branch="False" />
                <line number="37" hits="2" branch="False" />
                <line number="38" hits="2" branch="False" />
                <line number="41" hits="6" branch="False" />
                <line number="42" hits="6" branch="True" condition-coverage="100% (2/2)">
                  <conditions>
                    <condition number="427" type="jump" coverage="100%" />
                  </conditions>
                </line>
                <line number="43" hits="2" branch="False" />
                <line number="44" hits="2" branch="False" />
                <line number="45" hits="2" branch="False" />
                <line number="46" hits="2" branch="False" />
                <line number="47" hits="2" branch="False" />
                <line number="48" hits="2" branch="False" />
                <line number="49" hits="2" branch="False" />
                <line number="53" hits="4" branch="False" />
                <line number="56" hits="4" branch="False" />
                <line number="57" hits="4" branch="False" />
                <line number="58" hits="4" branch="True" condition-coverage="100% (2/2)">
                  <conditions>
                    <condition number="664" type="jump" coverage="100%" />
                  </conditions>
                </line>
                <line number="59" hits="2" branch="False" />
                <line number="60" hits="2" branch="False" />
                <line number="61" hits="2" branch="False" />
                <line number="63" hits="4" branch="True" condition-coverage="100% (2/2)">
                  <conditions>
                    <condition number="823" type="jump" coverage="100%" />
                  </conditions>
                </line>
                <line number="64" hits="1" branch="False" />
                <line number="65" hits="1" branch="False" />
                <line number="67" hits="1" branch="False" />
                <line number="68" hits="1" branch="False" />
                <line number="69" hits="1" branch="False" />
                <line number="70" hits="1" branch="False" />
                <line number="71" hits="1" branch="False" />
                <line number="72" hits="1" branch="False" />
                <line number="73" hits="1" branch="False" />
                <line number="74" hits="1" branch="False" />
                <line number="75" hits="1" branch="False" />
                <line number="76" hits="1" branch="False" />
                <line number="80" hits="3" branch="False" />
                <line number="81" hits="3" branch="True" condition-coverage="100% (2/2)">
                  <conditions>
                    <condition number="1160" type="jump" coverage="100%" />
                  </conditions>
                </line>
                <line number="82" hits="3" branch="False" />
                <line number="83" hits="3" branch="False" />
                <line number="84" hits="3" branch="False" />
                <line number="85" hits="3" branch="False" />
                <line number="86" hits="3" branch="False" />
                <line number="88" hits="3" branch="False" />
                <line number="90" hits="3" branch="False" />
                <line number="91" hits="3" branch="False" />
                <line number="92" hits="3" branch="False" />
                <line number="93" hits="3" branch="False" />
                <line number="94" hits="3" branch="False" />
                <line number="95" hits="3" branch="False" />
                <line number="96" hits="3" branch="False" />
                <line number="97" hits="3" branch="False" />
                <line number="98" hits="3" branch="False" />
                <line number="99" hits="8" branch="False" />
              </lines>
            </method>
          </methods>
          <lines>
            <line number="29" hits="8" branch="False" />
            <line number="30" hits="8" branch="False" />
            <line number="31" hits="8" branch="True" condition-coverage="100% (2/2)">
              <conditions>
                <condition number="234" type="jump" coverage="100%" />
              </conditions>
            </line>
            <line number="32" hits="2" branch="False" />
            <line number="33" hits="2" branch="False" />
            <line number="34" hits="2" branch="False" />
            <line number="35" hits="2" branch="False" />
            <line number="36" hits="2" branch="False" />
            <line number="37" hits="2" branch="False" />
            <line number="38" hits="2" branch="False" />
            <line number="41" hits="6" branch="False" />
            <line number="42" hits="6" branch="True" condition-coverage="100% (2/2)">
              <conditions>
                <condition number="427" type="jump" coverage="100%" />
              </conditions>
            </line>
            <line number="43" hits="2" branch="False" />
            <line number="44" hits="2" branch="False" />
            <line number="45" hits="2" branch="False" />
            <line number="46" hits="2" branch="False" />
            <line number="47" hits="2" branch="False" />
            <line number="48" hits="2" branch="False" />
            <line number="49" hits="2" branch="False" />
            <line number="53" hits="4" branch="False" />
            <line number="56" hits="4" branch="False" />
            <line number="57" hits="4" branch="False" />
            <line number="58" hits="4" branch="True" condition-coverage="100% (2/2)">
              <conditions>
                <condition number="664" type="jump" coverage="100%" />
              </conditions>
            </line>
            <line number="59" hits="2" branch="False" />
            <line number="60" hits="2" branch="False" />
            <line number="61" hits="2" branch="False" />
            <line number="63" hits="4" branch="True" condition-coverage="100% (2/2)">
              <conditions>
                <condition number="823" type="jump" coverage="100%" />
              </conditions>
            </line>
            <line number="64" hits="1" branch="False" />
            <line number="65" hits="1" branch="False" />
            <line number="67" hits="1" branch="False" />
            <line number="68" hits="1" branch="False" />
            <line number="69" hits="1" branch="False" />
            <line number="70" hits="1" branch="False" />
            <line number="71" hits="1" branch="False" />
            <line number="72" hits="1" branch="False" />
            <line number="73" hits="1" branch="False" />
            <line number="74" hits="1" branch="False" />
            <line number="75" hits="1" branch="False" />
            <line number="76" hits="1" branch="False" />
            <line number="80" hits="3" branch="False" />
            <line number="81" hits="3" branch="True" condition-coverage="100% (2/2)">
              <conditions>
                <condition number="1160" type="jump" coverage="100%" />
              </conditions>
            </line>
            <line number="82" hits="3" branch="False" />
            <line number="83" hits="3" branch="False" />
            <line number="84" hits="3" branch="False" />
            <line number="85" hits="3" branch="False" />
            <line number="86" hits="3" branch="False" />
            <line number="88" hits="3" branch="False" />
            <line number="90" hits="3" branch="False" />
            <line number="91" hits="3" branch="False" />
            <line number="92" hits="3" branch="False" />
            <line number="93" hits="3" branch="False" />
            <line number="94" hits="3" branch="False" />
            <line number="95" hits="3" branch="False" />
            <line number="96" hits="3" branch="False" />
            <line number="97" hits="3" branch="False" />
            <line number="98" hits="3" branch="False" />
            <line number="99" hits="8" branch="False" />
          </lines>
        </class>
        <class name="BlazorGame.GameService.Services.ActionService/&lt;SearchAsync&gt;d__7" filename="BlazorGame.GameService/Services/ActionService.cs" line-rate="0.5925" branch-rate="0.41659999999999997" complexity="12">
          <methods>
            <method name="MoveNext" signature="()" line-rate="0.5925" branch-rate="0.41659999999999997" complexity="12">
              <lines>
                <line number="105" hits="5" branch="False" />
                <line number="106" hits="5" branch="False" />
                <line number="107" hits="5" branch="True" condition-coverage="100% (2/2)">
                  <conditions>
                    <condition number="216" type="jump" coverage="100%" />
                  </conditions>
                </line>
                <line number="108" hits="2" branch="False" />
                <line number="109" hits="2" branch="False" />
                <line number="110" hits="2" branch="False" />
                <line number="111" hits="2" branch="False" />
                <line number="112" hits="2" branch="False" />
                <line number="113" hits="2" branch="False" />
                <line number="114" hits="2" branch="False" />
                <line number="117" hits="3" branch="False" />
                <line number="118" hits="3" branch="True" condition-coverage="100% (2/2)">
                  <conditions>
                    <condition number="409" type="jump" coverage="100%" />
                  </conditions>
                </line>
                <line number="119" hits="1" branch="False" />
                <line number="120" hits="1" branch="False" />
                <line number="121" hits="1" branch="False" />
                <line number="122" hits="1" branch="False" />
                <line number="123" hits="1" branch="False" />
                <line number="124" hits="1" branch="False" />
                <line number="125" hits="1" branch="False" />
                <line number="129" hits="2" branch="False" />
                <line number="130" hits="2" branch="False" />
                <line number="132" hits="2" branch="True" condition-coverage="50% (1/2)">
                  <conditions>
                    <condition number="625" type="jump" coverage="50%" />
                  </conditions>
                </line>
                <line number="133" hits="0" branch="False" />
                <line number="135" hits="0" branch="True" condition-coverage="0% (0/2)">
                  <conditions>
                    <condition number="656" type="jump" coverage="0%" />
                  </conditions>
                </line>
                <line number="136" hits="0" branch="False" />
                <line number="137" hits="0" branch="True" condition-coverage="0% (0/2)">
                  <conditions>
                    <condition number="682" type="jump" coverage="0%" />
                  </conditions>
                </line>
                <line number="138" hits="0" branch="False" />
                <line number="139" hits="0" branch="False" />
                <line number="140" hits="0" branch="False" />
                <line number="141" hits="0" branch="False" />
                <line number="142" hits="0" branch="False" />
                <line number="144" hits="0" branch="False" />
                <line number="145" hits="0" branch="False" />
                <line number="147" hits="0" branch="True" condition-coverage="0% (0/2)">
                  <conditions>
                    <condition number="1173" type="jump" coverage="0%" />
                  </conditions>
                </line>
                <line number="148" hits="0" branch="False" />
                <line number="149" hits="0" branch="False" />
                <line number="150" hits="0" branch="False" />
                <line number="151" hits="0" branch="False" />
                <line number="152" hits="0" branch="False" />
                <line number="153" hits="0" branch="False" />
                <line number="154" hits="0" branch="False" />
                <line number="155" hits="0" branch="False" />
                <line number="156" hits="0" branch="False" />
                <line number="158" hits="0" branch="False" />
                <line number="160" hits="2" branch="False" />
                <line number="161" hits="2" branch="False" />
                <line number="162" hits="2" branch="False" />
                <line number="163" hits="2" branch="False" />
                <line number="164" hits="2" branch="False" />
                <line number="165" hits="2" branch="False" />
                <line number="166" hits="2" branch="False" />
                <line number="167" hits="2" branch="False" />
                <line number="168" hits="2" branch="False" />
                <line number="169" hits="5" branch="False" />
              </lines>
            </method>
          </methods>
          <lines>
            <line number="105" hits="5" branch="False" />
            <line number="106" hits="5" branch="False" />
            <line number="107" hits="5" branch="True" condition-coverage="100% (2/2)">
              <conditions>
                <condition number="216" type="jump" coverage="100%" />
              </conditions>
            </line>
            <line number="108" hits="2" branch="False" />
            <line number="109" hits="2" branch="False" />
            <line number="110" hits="2" branch="False" />
            <line number="111" hits="2" branch="False" />
            <line number="112" hits="2" branch="False" />
            <line number="113" hits="2" branch="False" />
            <line number="114" hits="2" branch="False" />
            <line number="117" hits="3" branch="False" />
            <line number="118" hits="3" branch="True" condition-coverage="100% (2/2)">
              <conditions>
                <condition number="409" type="jump" coverage="100%" />
              </conditions>
            </line>
            <line number="119" hits="1" branch="False" />
            <line number="120" hits="1" branch="False" />
            <line number="121" hits="1" branch="False" />
            <line number="122" hits="1" branch="False" />
            <line number="123" hits="1" branch="False" />
            <line number="124" hits="1" branch="False" />
            <line number="125" hits="1" branch="False" />
            <line number="129" hits="2" branch="False" />
            <line number="130" hits="2" branch="False" />
            <line number="132" hits="2" branch="True" condition-coverage="50% (1/2)">
              <conditions>
                <condition number="625" type="jump" coverage="50%" />
              </conditions>
            </line>
            <line number="133" hits="0" branch="False" />
            <line number="135" hits="0" branch="True" condition-coverage="0% (0/2)">
              <conditions>
                <condition number="656" type="jump" coverage="0%" />
              </conditions>
            </line>
            <line number="136" hits="0" branch="False" />
            <line number="137" hits="0" branch="True" condition-coverage="0% (0/2)">
              <conditions>
                <condition number="682" type="jump" coverage="0%" />
              </conditions>
            </line>
            <line number="138" hits="0" branch="False" />
            <line number="139" hits="0" branch="False" />
            <line number="140" hits="0" branch="False" />
            <line number="141" hits="0" branch="False" />
            <line number="142" hits="0" branch="False" />
            <line number="144" hits="0" branch="False" />
            <line number="145" hits="0" branch="False" />
            <line number="147" hits="0" branch="True" condition-coverage="0% (0/2)">
              <conditions>
                <condition number="1173" type="jump" coverage="0%" />
              </conditions>
            </line>
            <line number="148" hits="0" branch="False" />
            <line number="149" hits="0" branch="False" />
            <line number="150" hits="0" branch="False" />
            <line number="151" hits="0" branch="False" />
            <line number="152" hits="0" branch="False" />
            <line number="153" hits="0" branch="False" />
            <line number="154" hits="0" branch="False" />
            <line number="155" hits="0" branch="False" />
            <line number="156" hits="0" branch="False" />
            <line number="158" hits="0" branch="False" />
            <line number="160" hits="2" branch="False" />
            <line number="161" hits="2" branch="False" />
            <line number="162" hits="2" branch="False" />
            <line number="163" hits="2" branch="False" />
            <line number="164" hits="2" branch="False" />
            <line number="165" hits="2" branch="False" />
            <line number="166" hits="2" branch="False" />
            <line number="167" hits="2" branch="False" />
            <line number="168" hits="2" branch="False" />
            <line number="169" hits="5" branch="False" />
          </lines>
        </class>
        <class name="BlazorGame.GameService.Services.DungeonsService" filename="BlazorGame.GameService/Services/DungeonsService.cs" line-rate="0.983" branch-rate="0.8" complexity="14">
          <methods>
            <method name="CreateMonsterRoom" signature="(System.Int32&amp;,System.Int32&amp;,BlazorGame.SharedModels.Enums.Entities.MonsterType[],BlazorGame.SharedModels.Enums.Environment.DungeonLevel)" line-rate="1" branch-rate="1" complexity="1">
              <lines>
                <line number="148" hits="254" branch="False" />
                <line number="149" hits="254" branch="False" />
                <line number="150" hits="254" branch="False" />
                <line number="151" hits="254" branch="False" />
                <line number="152" hits="254" branch="False" />
                <line number="155" hits="254" branch="False" />
                <line number="157" hits="254" branch="False" />
                <line number="158" hits="254" branch="False" />
                <line number="159" hits="254" branch="False" />
                <line number="160" hits="254" branch="False" />
                <line number="161" hits="254" branch="False" />
                <line number="162" hits="254" branch="False" />
                <line number="163" hits="254" branch="False" />
                <line number="164" hits="254" branch="False" />
                <line number="166" hits="254" branch="False" />
                <line number="167" hits="254" branch="False" />
                <line number="168" hits="254" branch="False" />
                <line number="169" hits="254" branch="False" />
                <line number="170" hits="254" branch="False" />
                <line number="171" hits="254" branch="False" />
                <line number="172" hits="254" branch="False" />
                <line number="173" hits="254" branch="False" />
                <line number="174" hits="254" branch="False" />
                <line number="175" hits="254" branch="False" />
                <line number="176" hits="254" branch="False" />
              </lines>
            </method>
            <method name="CreateChestRoom" signature="(System.Int32&amp;,System.Int32&amp;,System.Int32&amp;,System.Int32&amp;,BlazorGame.SharedModels.Enums.Utils.WeaponType[],BlazorGame.SharedModels.Enums.Utils.PotionType[])" line-rate="1" branch-rate="1" complexity="2">
              <lines>
                <line number="182" hits="141" branch="False" />
                <line number="183" hits="141" branch="False" />
                <line number="186" hits="141" branch="False" />
                <line number="187" hits="141" branch="False" />
                <line number="189" hits="141" branch="True" condition-coverage="100% (2/2)">
                  <conditions>
                    <condition number="54" type="jump" coverage="100%" />
                  </conditions>
                </line>
                <line number="190" hits="75" branch="False" />
                <line number="191" hits="75" branch="False" />
                <line number="192" hits="75" branch="False" />
                <line number="193" hits="75" branch="False" />
                <line number="194" hits="75" branch="False" />
                <line number="195" hits="75" branch="False" />
                <line number="196" hits="75" branch="False" />
                <line number="198" hits="66" branch="False" />
                <line number="199" hits="66" branch="False" />
                <line number="200" hits="66" branch="False" />
                <line number="201" hits="66" branch="False" />
                <line number="202" hits="66" branch="False" />
                <line number="203" hits="66" branch="False" />
                <line number="204" hits="66" branch="False" />
                <line number="206" hits="141" branch="False" />
                <line number="207" hits="141" branch="False" />
                <line number="208" hits="141" branch="False" />
                <line number="209" hits="141" branch="False" />
                <line number="210" hits="141" branch="False" />
                <line number="211" hits="141" branch="False" />
                <line number="212" hits="141" branch="False" />
                <line number="213" hits="141" branch="False" />
                <line number="215" hits="141" branch="False" />
                <line number="216" hits="141" branch="False" />
                <line number="217" hits="141" branch="False" />
                <line number="218" hits="141" branch="False" />
                <line number="219" hits="141" branch="False" />
                <line number="220" hits="141" branch="False" />
                <line number="221" hits="141" branch="False" />
                <line number="222" hits="141" branch="False" />
                <line number="223" hits="141" branch="False" />
                <line number="224" hits="141" branch="False" />
                <line number="225" hits="141" branch="False" />
              </lines>
            </method>
            <method name="CreateEmptyRoom" signature="(System.Int32&amp;)" line-rate="1" branch-rate="1" complexity="1">
              <lines>
                <line number="231" hits="218" branch="False" />
                <line number="232" hits="218" branch="False" />
                <line number="234" hits="218" branch="False" />
                <line number="235" hits="218" branch="False" />
                <line number="236" hits="218" branch="False" />
                <line number="237" hits="218" branch="False" />
                <line number="238" hits="218" branch="False" />
                <line number="239" hits="218" branch="False" />
                <line number="240" hits="218" branch="False" />
                <line number="241" hits="218" branch="False" />
                <line number="242" hits="218" branch="False" />
                <line number="243" hits="218" branch="False" />
                <line number="244" hits="218" branch="False" />
              </lines>
            </method>
            <method name="GetMonsterStats" signature="(BlazorGame.SharedModels.Enums.Entities.MonsterType,BlazorGame.SharedModels.Enums.Environment.DungeonLevel)" line-rate="0.875" branch-rate="0.75" complexity="8">
              <lines>
                <line number="250" hits="254" branch="False" />
                <line number="251" hits="254" branch="True" condition-coverage="75% (3/4)">
                  <conditions>
                    <condition number="8" type="switch" coverage="75%" />
                  </conditions>
                </line>
                <line number="252" hits="254" branch="False" />
                <line number="253" hits="234" branch="False" />
                <line number="254" hits="9" branch="False" />
                <line number="255" hits="11" branch="False" />
                <line number="256" hits="0" branch="False" />
                <line number="257" hits="254" branch="False" />
                <line number="259" hits="254" branch="True" condition-coverage="75% (3/4)">
                  <conditions>
                    <condition number="88" type="switch" coverage="75%" />
                  </conditions>
                </line>
                <line number="260" hits="254" branch="False" />
                <line number="261" hits="79" branch="False" />
                <line number="262" hits="83" branch="False" />
                <line number="263" hits="92" branch="False" />
[...]
              <lines>
                <line number="51" hits="36" branch="False" />
              </lines>
            </method>
            <method name="get_Score" signature="()" line-rate="1" branch-rate="1" complexity="1">
              <lines>
                <line number="56" hits="17" branch="False" />
              </lines>
            </method>
          </methods>
          <lines>
            <line number="11" hits="72" branch="False" />
            <line number="16" hits="62" branch="False" />
            <line number="21" hits="53" branch="False" />
            <line number="26" hits="27" branch="False" />
            <line number="31" hits="12" branch="False" />
            <line number="36" hits="25" branch="False" />
            <line number="41" hits="4" branch="False" />
            <line number="46" hits="4" branch="False" />
            <line number="51" hits="36" branch="False" />
            <line number="56" hits="17" branch="False" />
          </lines>
        </class>
        <class name="BlazorGame.SharedModels.DTOs.FightResultDto" filename="BlazorGame.SharedModels/DTOs/FightResultDto.cs" line-rate="1" branch-rate="1" complexity="5">
          <methods>
            <method name="get_Turns" signature="()" line-rate="1" branch-rate="1" complexity="1">
              <lines>
                <line number="12" hits="26" branch="False" />
              </lines>
            </method>
            <method name="get_PlayerSnapshot" signature="()" line-rate="1" branch-rate="1" complexity="1">
              <lines>
                <line number="17" hits="26" branch="False" />
              </lines>
            </method>
            <method name="get_MonsterSnapshot" signature="()" line-rate="1" branch-rate="1" complexity="1">
              <lines>
                <line number="22" hits="26" branch="False" />
              </lines>
            </method>
            <method name="get_Result" signature="()" line-rate="1" branch-rate="1" complexity="1">
              <lines>
                <line number="27" hits="43" branch="False" />
              </lines>
            </method>
            <method name="get_TotalTurns" signature="()" line-rate="1" branch-rate="1" complexity="1">
              <lines>
                <line number="32" hits="25" branch="False" />
              </lines>
            </method>
          </methods>
          <lines>
            <line number="12" hits="26" branch="False" />
            <line number="17" hits="26" branch="False" />
            <line number="22" hits="26" branch="False" />
            <line number="27" hits="43" branch="False" />
            <line number="32" hits="25" branch="False" />
          </lines>
        </class>
        <class name="BlazorGame.SharedModels.DTOs.FightTurnDto" filename="BlazorGame.SharedModels/DTOs/FightTurnDto.cs" line-rate="1" branch-rate="1" complexity="5">
          <methods>
            <method name="get_TurnNumber" signature="()" line-rate="1" branch-rate="1" complexity="1">
              <lines>
                <line number="12" hits="72" branch="False" />
              </lines>
            </method>
            <method name="get_PlayerHealth" signature="()" line-rate="1" branch-rate="1" complexity="1">
              <lines>
                <line number="17" hits="72" branch="False" />
              </lines>
            </method>
            <method name="get_MonsterHealth" signature="()" line-rate="1" branch-rate="1" complexity="1">
              <lines>
                <line number="22" hits="72" branch="False" />
              </lines>
            </method>
            <method name="get_PlayerDamageDealt" signature="()" line-rate="1" branch-rate="1" complexity="1">
              <lines>
                <line number="27" hits="72" branch="False" />
              </lines>
            </method>
            <method name="get_MonsterDamageDealt" signature="()" line-rate="1" branch-rate="1" complexity="1">
              <lines>
                <line number="32" hits="72" branch="False" />
              </lines>
            </method>
          </methods>
          <lines>
            <line number="12" hits="72" branch="False" />
            <line number="17" hits="72" branch="False" />
            <line number="22" hits="72" branch="False" />
            <line number="27" hits="72" branch="False" />
            <line number="32" hits="72" branch="False" />
          </lines>
        </class>
        <class name="BlazorGame.SharedModels.DTOs.GameSessionDto" filename="BlazorGame.SharedModels/DTOs/GameSessionDto.cs" line-rate="1" branch-rate="1" complexity="8">
          <methods>
            <method name="get_SessionId" signature="()" line-rate="1" branch-rate="1" complexity="1">
              <lines>
                <line number="11" hits="6" branch="False" />
              </lines>
            </method>
            <method name="get_PlayerId" signature="()" line-rate="1" branch-rate="1" complexity="1">
              <lines>
                <line number="16" hits="6" branch="False" />
              </lines>
            </method>
            <method name="get_DungeonId" signature="()" line-rate="1" branch-rate="1" complexity="1">
              <lines>
                <line number="21" hits="6" branch="False" />
              </lines>
            </method>
            <method name="get_CurrentRoomId" signature="()" line-rate="1" branch-rate="1" complexity="1">
              <lines>
                <line number="26" hits="6" branch="False" />
              </lines>
            </method>
            <method name="get_Score" signature="()" line-rate="1" branch-rate="1" complexity="1">
              <lines>
                <line number="31" hits="6" branch="False" />
              </lines>
            </method>
            <method name="get_Status" signature="()" line-rate="1" branch-rate="1" complexity="1">
              <lines>
                <line number="36" hits="12" branch="False" />
              </lines>
            </method>
            <method name="get_CreatedAt" signature="()" line-rate="1" branch-rate="1" complexity="1">
              <lines>
                <line number="41" hits="6" branch="False" />
              </lines>
            </method>
            <method name="get_PlayerState" signature="()" line-rate="1" branch-rate="1" complexity="1">
              <lines>
                <line number="46" hits="6" branch="False" />
              </lines>
            </method>
          </methods>
          <lines>
            <line number="11" hits="6" branch="False" />
            <line number="16" hits="6" branch="False" />
            <line number="21" hits="6" branch="False" />
            <line number="26" hits="6" branch="False" />
            <line number="31" hits="6" branch="False" />
            <line number="36" hits="12" branch="False" />
            <line number="41" hits="6" branch="False" />
            <line number="46" hits="6" branch="False" />
          </lines>
        </class>
        <class name="BlazorGame.SharedModels.DTOs.StartGameRequestDto" filename="BlazorGame.SharedModels/DTOs/GameSessionDto.cs" line-rate="1" branch-rate="1" complexity="2">
          <methods>
            <method name="get_DifficultyLevel" signature="()" line-rate="1" branch-rate="1" complexity="1">
              <lines>
                <line number="57" hits="9" branch="False" />
              </lines>
            </method>
            <method name="get_RoomCount" signature="()" line-rate="1" branch-rate="1" complexity="1">
              <lines>
                <line number="62" hits="9" branch="False" />
              </lines>
            </method>
          </methods>
          <lines>
            <line number="57" hits="9" branch="False" />
            <line number="62" hits="9" branch="False" />
          </lines>
        </class>
        <class name="BlazorGame.SharedModels.DTOs.ScoreHistoryDto" filename="BlazorGame.SharedModels/DTOs/GameSessionDto.cs" line-rate="0" branch-rate="1" complexity="4">
          <methods>
            <method name="get_SessionId" signature="()" line-rate="0" branch-rate="1" complexity="1">
              <lines>
                <line number="73" hits="0" branch="False" />
              </lines>
            </method>
            <method name="get_Score" signature="()" line-rate="0" branch-rate="1" complexity="1">
              <lines>
                <line number="78" hits="0" branch="False" />
              </lines>
            </method>
            <method name="get_Status" signature="()" line-rate="0" branch-rate="1" complexity="1">
              <lines>
                <line number="83" hits="0" branch="False" />
              </lines>
            </method>
            <method name="get_PlayedAt" signature="()" line-rate="0" branch-rate="1" complexity="1">
              <lines>
                <line number="88" hits="0" branch="False" />
              </lines>
            </method>
          </methods>
          <lines>
            <line number="73" hits="0" branch="False" />
            <line number="78" hits="0" branch="False" />
            <line number="83" hits="0" branch="False" />
            <line number="88" hits="0" branch="False" />
          </lines>
        </class>
        <class name="BlazorGame.SharedModels.DTOs.SavedGameDto" filename="BlazorGame.SharedModels/DTOs/GameSessionDto.cs" line-rate="0" branch-rate="1" complexity="7">
          <methods>
            <method name="get_SessionId" signature="()" line-rate="0" branch-rate="1" complexity="1">
              <lines>
                <line number="99" hits="0" branch="False" />
              </lines>
            </method>
            <method name="get_Score" signature="()" line-rate="0" branch-rate="1" complexity="1">
              <lines>
                <line number="104" hits="0" branch="False" />
              </lines>
            </method>
            <method name="get_CurrentRoomId" signature="()" line-rate="0" branch-rate="1" complexity="1">
              <lines>
                <line number="109" hits="0" branch="False" />
              </lines>
            </method>
            <method name="get_DungeonId" signature="()" line-rate="0" branch-rate="1" complexity="1">
              <lines>
                <line number="114" hits="0" branch="False" />
              </lines>
            </method>
            <method name="get_PlayerId" signature="()" line-rate="0" branch-rate="1" complexity="1">
              <lines>
                <line number="119" hits="0" branch="False" />
              </lines>
            </method>
            <method name="get_SavedAt" signature="()" line-rate="0" branch-rate="1" complexity="1">
              <lines>
                <line number="124" hits="0" branch="False" />
              </lines>
            </method>
            <method name="get_PlayerState" signature="()" line-rate="0" branch-rate="1" complexity="1">
              <lines>
                <line number="129" hits="0" branch="False" />
              </lines>
            </method>
          </methods>
          <lines>
            <line number="99" hits="0" branch="False" />
            <line number="104" hits="0" branch="False" />
            <line number="109" hits="0" branch="False" />
            <line number="114" hits="0" branch="False" />
            <line number="119" hits="0" branch="False" />
            <line number="124" hits="0" branch="False" />
            <line number="129" hits="0" branch="False" />
          </lines>
        </class>
        <class name="BlazorGame.SharedModels.DTOs.MonsterSnapshotDto" filename="BlazorGame.SharedModels/DTOs/MonsterSnapshotDto.cs" line-rate="1" branch-rate="1" complexity="7">
          <methods>
            <method name="get_CharacterId" signature="()" line-rate="1" branch-rate="1" complexity="1">
              <lines>
                <line number="12" hits="24" branch="False" />
              </lines>
            </method>
            <method name="get_Type" signature="()" line-rate="1" branch-rate="1" complexity="1">
              <lines>
                <line number="17" hits="22" branch="False" />
              </lines>
            </method>
            <method name="get_Health" signature="()" line-rate="1" branch-rate="1" complexity="1">
              <lines>
                <line number="22" hits="22" branch="False" />
              </lines>
            </method>
            <method name="get_Strength" signature="()" line-rate="1" branch-rate="1" complexity="1">
              <lines>
                <line number="27" hits="22" branch="False" />
              </lines>
            </method>
            <method name="get_Armor" signature="()" line-rate="1" branch-rate="1" complexity="1">
              <lines>
                <line number="32" hits="22" branch="False" />
              </lines>
            </method>
            <method name="get_Damage" signature="()" line-rate="1" branch-rate="1" complexity="1">
              <lines>
                <line number="37" hits="22" branch="False" />
              </lines>
            </method>
            <method name="get_WeaponType" signature="()" line-rate="1" branch-rate="1" complexity="1">
              <lines>
                <line number="42" hits="22" branch="False" />
              </lines>
            </method>
          </methods>
          <lines>
            <line number="12" hits="24" branch="False" />
            <line number="17" hits="22" branch="False" />
            <line number="22" hits="22" branch="False" />
            <line number="27" hits="22" branch="False" />
            <line number="32" hits="22" branch="False" />
            <line number="37" hits="22" branch="False" />
            <line number="42" hits="22" branch="False" />
          </lines>
        </class>
        <class name="BlazorGame.SharedModels.DTOs.PlayerSnapshotDto" filename="BlazorGame.SharedModels/DTOs/PlayerSnapshotDto.cs" line-rate="1" branch-rate="1" complexity="8">
          <methods>
            <method name="get_CharacterId" signature="()" line-rate="1" branch-rate="1" complexity="1">
              <lines>
                <line number="12" hits="62" branch="False" />
              </lines>
            </method>
            <method name="get_HeartNumber" signature="()" line-rate="1" branch-rate="1" complexity="1">
              <lines>
                <line number="17" hits="59" branch="False" />
              </lines>
            </method>
            <method name="get_Health" signature="()" line-rate="1" branch-rate="1" complexity="1">
              <lines>
                <line number="22" hits="59" branch="False" />
              </lines>
            </method>
            <method name="get_Strength" signature="()" line-rate="1" branch-rate="1" complexity="1">
              <lines>
                <line number="27" hits="59" branch="False" />
              </lines>
            </method>
            <method name="get_Armor" signature="()" line-rate="1" branch-rate="1" complexity="1">
              <lines>
                <line number="32" hits="59" branch="False" />
              </lines>
            </method>
            <method name="get_Damage" signature="()" line-rate="1" branch-rate="1" complexity="1">
              <lines>
                <line number="37" hits="59" branch="False" />
              </lines>
            </method>
            <method name="get_WeaponType" signature="()" line-rate="1" branch-rate="1" complexity="1">
              <lines>
                <line number="42" hits="59" branch="False" />
              </lines>
            </method>
            <method name="get_Potions" signature="()" line-rate="1" branch-rate="1" complexity="1">
              <lines>
                <line number="47" hits="37" branch="False" />
              </lines>
            </method>
          </methods>
          <lines>
            <line number="12" hits="62" branch="False" />
            <line number="17" hits="59" branch="False" />
            <line number="22" hits="59" branch="False" />
            <line number="27" hits="59" branch="False" />
            <line number="32" hits="59" branch="False" />
            <line number="37" hits="59" branch="False" />
            <line number="42" hits="59" branch="False" />
            <line number="47" hits="37" branch="False" />
          </lines>
        </class>
        <class name="BlazorGame.SharedModels.DTOs.PotionDto" filename="BlazorGame.SharedModels/DTOs/PotionDto.cs" line-rate="1" branch-rate="1" complexity="3">
          <methods>
            <method name="get_PotionId" signature="()" line-rate="1" branch-rate="1" complexity="1">
              <lines>
                <line number="11" hits="28" branch="False" />
              </lines>
            </method>
            <method name="get_Type" signature="()" line-rate="1" branch-rate="1" complexity="1">
              <lines>
                <line number="16" hits="28" branch="False" />
              </lines>
            </method>
            <method name="get_Effect" signature="()" line-rate="1" branch-rate="1" complexity="1">
              <lines>
                <line number="21" hits="28" branch="False" />
              </lines>
            </method>
          </methods>
          <lines>
            <line number="11" hits="28" branch="False" />
            <line number="16" hits="28" branch="False" />
            <line number="21" hits="28" branch="False" />
          </lines>
        </class>
        <class name="BlazorGame.SharedModels.Data.PotionStats" filename="BlazorGame.SharedModels/Data/PotionStats.cs" line-rate="1" branch-rate="1" complexity="1">
          <methods>
            <method name=".cctor" signature="()" line-rate="1" branch-rate="1" complexity="1">
              <lines>
                <line number="12" hits="1" branch="False" />
                <line number="13" hits="1" branch="False" />
                <line number="14" hits="1" branch="False" />
                <line number="15" hits="1" branch="False" />
                <line number="16" hits="1" branch="False" />
                <line number="17" hits="1" branch="False" />
              </lines>
            </method>
          </methods>
          <lines>
            <line number="12" hits="1" branch="False" />
            <line number="13" hits="1" branch="False" />
            <line number="14" hits="1" branch="False" />
            <line number="15" hits="1" branch="False" />
            <line number="16" hits="1" branch="False" />
            <line number="17" hits="1" branch="False" />
          </lines>
        </class>
        <class name="BlazorGame.SharedModels.Data.WeaponStats" filename="BlazorGame.SharedModels/Data/WeaponStats.cs" line-rate="1" branch-rate="1" complexity="1">
          <methods>
            <method name=".cctor" signature="()" line-rate="1" branch-rate="1" complexity="1">
              <lines>
                <line number="12" hits="1" branch="False" />
                <line number="13" hits="1" branch="False" />
                <line number="14" hits="1" branch="False" />
                <line number="15" hits="1" branch="False" />
                <line number="16" hits="1" branch="False" />
                <line number="17" hits="1" branch="False" />
                <line number="18" hits="1" branch="False" />
              </lines>
            </method>
          </methods>
          <lines>
            <line number="12" hits="1" branch="False" />
            <line number="13" hits="1" branch="False" />
            <line number="14" hits="1" branch="False" />
            <line number="15" hits="1" branch="False" />
            <line number="16" hits="1" branch="False" />
            <line number="17" hits="1" branch="False" />
            <line number="18" hits="1" branch="False" />
          </lines>
        </class>
      </classes>
    </package>
  </packages>
</coverage>